2025-11-20 20:25:08,807 - comtypes.client._code_cache - INFO - Imported existing <module 'comtypes.gen' from 'C:\\Users\\itojl\\PycharmProjects\\voice_assistant\\.venv\\Lib\\site-packages\\comtypes\\gen\\__init__.py'>
2025-11-20 20:25:08,807 - comtypes.client._code_cache - INFO - Using writeable comtypes cache directory: 'C:\Users\itojl\PycharmProjects\voice_assistant\.venv\Lib\site-packages\comtypes\gen'
2025-11-20 20:25:08,892 - VoiceAssistant - INFO - TTS система инициализирована
2025-11-20 20:25:10,066 - VoiceAssistant - INFO - STT система инициализирована
2025-11-20 20:25:10,070 - VoiceAssistant - INFO - Загружено 9 навыков
2025-11-20 20:25:10,070 - VoiceAssistant - INFO - Голосовой ассистент инициализирован
2025-11-20 20:25:10,070 - VoiceAssistant - INFO - Запуск ассистента
2025-11-20 20:25:10,070 - VoiceAssistant - INFO - Озвучка: Голосовой ассистент запущен! Скажите 'помощь' для списка команд.
2025-11-20 20:25:43,226 - VoiceAssistant - INFO - Слушаю команду...
2025-11-20 20:25:48,537 - VoiceAssistant - INFO - Распознано: помощь
2025-11-20 20:25:48,537 - VoiceAssistant - INFO - Слушаю команду...
2025-11-20 20:25:55,059 - VoiceAssistant - WARNING - Речь не распознана
2025-11-20 20:25:55,060 - VoiceAssistant - INFO - Слушаю команду...
2025-11-20 20:26:01,432 - VoiceAssistant - INFO - Распознано: помощь
2025-11-20 20:26:01,432 - VoiceAssistant - INFO - Слушаю команду...
2025-11-20 20:26:07,884 - VoiceAssistant - WARNING - Речь не распознана
2025-11-20 20:26:07,884 - VoiceAssistant - INFO - Слушаю команду...
2025-11-20 20:26:14,154 - VoiceAssistant - WARNING - Речь не распознана
2025-11-20 20:26:14,154 - VoiceAssistant - INFO - Слушаю команду...
2025-11-20 20:26:20,395 - VoiceAssistant - WARNING - Речь не распознана
2025-11-20 20:26:20,396 - VoiceAssistant - INFO - Слушаю команду...
2025-11-20 20:26:26,653 - VoiceAssistant - INFO - Распознано: Привет
2025-11-20 20:26:26,654 - VoiceAssistant - INFO - Озвучка: Привет! Я ваш голосовой ассистент. Чем могу помочь?
2025-11-20 20:26:32,387 - VoiceAssistant - INFO - Слушаю команду...
2025-11-20 20:26:38,763 - VoiceAssistant - WARNING - Речь не распознана
2025-11-20 20:26:38,763 - VoiceAssistant - INFO - Слушаю команду...
2025-11-20 20:26:44,992 - VoiceAssistant - WARNING - Речь не распознана
2025-11-20 20:26:44,992 - VoiceAssistant - INFO - Слушаю команду...
2025-11-20 20:26:51,441 - VoiceAssistant - INFO - Распознано: моё имя Ваня
2025-11-20 20:26:51,444 - VoiceAssistant - INFO - Озвучка: Приятно познакомиться, ваня! Запомнил ваше имя.
2025-11-20 20:26:56,455 - VoiceAssistant - INFO - Озвучка: Приятно познакомиться, ваня! Запомнил ваше имя.
2025-11-20 20:27:01,437 - VoiceAssistant - INFO - Слушаю команду...
2025-11-20 20:27:07,724 - VoiceAssistant - WARNING - Речь не распознана
2025-11-20 20:27:07,724 - VoiceAssistant - INFO - Слушаю команду...
2025-11-20 20:27:13,958 - VoiceAssistant - INFO - Распознано: время
2025-11-20 20:27:13,958 - VoiceAssistant - INFO - Навык найден: Время
2025-11-20 20:27:13,959 - VoiceAssistant - INFO - Озвучка: Сейчас 20:27. Хорошего дня!
2025-11-20 20:27:18,977 - VoiceAssistant - INFO - Озвучка: Сейчас 20:27. Хорошего дня!
2025-11-20 20:27:24,012 - VoiceAssistant - INFO - Слушаю команду...
2025-11-20 20:27:30,497 - VoiceAssistant - WARNING - Речь не распознана
2025-11-20 20:27:30,497 - VoiceAssistant - INFO - Слушаю команду...
2025-11-20 20:27:36,679 - VoiceAssistant - INFO - Распознано: сделай скриншот
2025-11-20 20:27:36,679 - VoiceAssistant - INFO - Навык найден: Скриншот
2025-11-20 20:27:36,910 - VoiceAssistant - INFO - Озвучка: Сделал скриншот экрана и сохранил его как data/screenshot.png
2025-11-20 20:27:42,869 - VoiceAssistant - INFO - Озвучка: Сделал скриншот экрана и сохранил его как data/screenshot.png
2025-11-20 20:27:48,845 - VoiceAssistant - INFO - Слушаю команду...
2025-11-20 20:27:55,134 - VoiceAssistant - WARNING - Речь не распознана
2025-11-20 20:27:55,134 - VoiceAssistant - INFO - Слушаю команду...
2025-11-20 20:28:01,439 - VoiceAssistant - WARNING - Речь не распознана
2025-11-20 20:28:01,440 - VoiceAssistant - INFO - Слушаю команду...
2025-11-20 20:28:07,663 - VoiceAssistant - WARNING - Речь не распознана
2025-11-20 20:28:07,663 - VoiceAssistant - INFO - Слушаю команду...
2025-11-20 20:28:13,992 - VoiceAssistant - WARNING - Речь не распознана
2025-11-20 20:28:13,992 - VoiceAssistant - INFO - Слушаю команду...
2025-11-20 20:28:20,263 - VoiceAssistant - WARNING - Речь не распознана
2025-11-20 20:28:20,263 - VoiceAssistant - INFO - Слушаю команду...
2025-11-20 20:28:26,433 - VoiceAssistant - WARNING - Речь не распознана
2025-11-20 20:28:26,433 - VoiceAssistant - INFO - Слушаю команду...
2025-11-20 20:28:32,880 - VoiceAssistant - WARNING - Речь не распознана
2025-11-20 20:28:32,880 - VoiceAssistant - INFO - Слушаю команду...
2025-11-20 20:28:39,042 - VoiceAssistant - WARNING - Речь не распознана
2025-11-20 20:28:39,042 - VoiceAssistant - INFO - Слушаю команду...
2025-11-20 20:28:45,280 - VoiceAssistant - WARNING - Речь не распознана
2025-11-20 20:28:45,280 - VoiceAssistant - INFO - Слушаю команду...
2025-11-20 20:28:51,520 - VoiceAssistant - WARNING - Речь не распознана
2025-11-20 20:28:51,521 - VoiceAssistant - INFO - Слушаю команду...
2025-11-20 20:28:57,736 - VoiceAssistant - WARNING - Речь не распознана
2025-11-20 20:28:57,736 - VoiceAssistant - INFO - Слушаю команду...
2025-11-20 20:29:03,962 - VoiceAssistant - WARNING - Речь не распознана
2025-11-20 20:29:03,962 - VoiceAssistant - INFO - Слушаю команду...
2025-11-20 20:29:10,215 - VoiceAssistant - WARNING - Речь не распознана
2025-11-20 20:29:10,215 - VoiceAssistant - INFO - Слушаю команду...
2025-11-20 20:29:16,421 - VoiceAssistant - WARNING - Речь не распознана
2025-11-20 20:29:16,421 - VoiceAssistant - INFO - Слушаю команду...
2025-11-20 20:29:22,671 - VoiceAssistant - WARNING - Речь не распознана
2025-11-20 20:29:22,671 - VoiceAssistant - INFO - Слушаю команду...
2025-11-20 20:29:28,895 - VoiceAssistant - WARNING - Речь не распознана
2025-11-20 20:29:28,895 - VoiceAssistant - INFO - Слушаю команду...
2025-11-20 20:29:35,159 - VoiceAssistant - WARNING - Речь не распознана
2025-11-20 20:29:35,159 - VoiceAssistant - INFO - Слушаю команду...
2025-11-20 20:29:41,521 - VoiceAssistant - WARNING - Речь не распознана
2025-11-20 20:29:41,521 - VoiceAssistant - INFO - Слушаю команду...
2025-11-20 20:29:47,603 - VoiceAssistant - WARNING - Речь не распознана
2025-11-20 20:29:47,603 - VoiceAssistant - INFO - Слушаю команду...
2025-11-20 20:29:53,670 - VoiceAssistant - WARNING - Речь не распознана
2025-11-20 20:29:53,670 - VoiceAssistant - INFO - Слушаю команду...
2025-11-20 20:29:59,680 - VoiceAssistant - WARNING - Речь не распознана
2025-11-20 20:29:59,682 - VoiceAssistant - INFO - Слушаю команду...
2025-11-20 20:30:05,932 - VoiceAssistant - WARNING - Речь не распознана
2025-11-20 20:30:05,933 - VoiceAssistant - INFO - Слушаю команду...
2025-11-20 20:30:11,890 - VoiceAssistant - WARNING - Речь не распознана
2025-11-20 20:30:11,890 - VoiceAssistant - INFO - Слушаю команду...
2025-11-20 20:30:18,059 - VoiceAssistant - WARNING - Речь не распознана
2025-11-20 20:30:18,059 - VoiceAssistant - INFO - Слушаю команду...
2025-11-20 20:30:24,186 - VoiceAssistant - INFO - Распознано: выход
2025-11-20 20:30:24,187 - VoiceAssistant - INFO - Завершение работы ассистента
2025-11-20 20:30:24,187 - VoiceAssistant - INFO - Озвучка: До свидания! Буду рад помочь снова!
2025-11-20 20:30:33,087 - comtypes.client._code_cache - INFO - Imported existing <module 'comtypes.gen' from 'C:\\Users\\itojl\\PycharmProjects\\voice_assistant\\.venv\\Lib\\site-packages\\comtypes\\gen\\__init__.py'>
2025-11-20 20:30:33,087 - comtypes.client._code_cache - INFO - Using writeable comtypes cache directory: 'C:\Users\itojl\PycharmProjects\voice_assistant\.venv\Lib\site-packages\comtypes\gen'
2025-11-20 20:30:33,174 - VoiceAssistant - INFO - TTS система инициализирована
2025-11-20 20:30:34,319 - VoiceAssistant - INFO - STT система инициализирована
2025-11-20 20:30:34,319 - VoiceAssistant - INFO - Загружено 9 навыков
2025-11-20 20:30:34,320 - VoiceAssistant - INFO - Голосовой ассистент инициализирован
2025-11-20 20:30:34,320 - VoiceAssistant - INFO - Запуск ассистента
2025-11-20 20:30:34,320 - VoiceAssistant - INFO - Озвучка: Голосовой ассистент запущен! Скажите 'помощь' для списка команд.
2025-11-20 20:30:42,626 - VoiceAssistant - INFO - Слушаю команду...
2025-11-20 20:30:45,460 - VoiceAssistant - WARNING - Речь не распознана
2025-11-20 20:30:45,460 - VoiceAssistant - INFO - Слушаю команду...
2025-11-20 20:30:51,753 - VoiceAssistant - WARNING - Речь не распознана
2025-11-20 20:30:51,754 - VoiceAssistant - INFO - Слушаю команду...
2025-11-20 20:30:57,961 - VoiceAssistant - WARNING - Речь не распознана
2025-11-20 20:30:57,961 - VoiceAssistant - INFO - Слушаю команду...
2025-11-20 20:31:04,763 - VoiceAssistant - INFO - Распознано: Привет
2025-11-20 20:31:04,763 - VoiceAssistant - INFO - Озвучка: Привет, ваня! Рад тебя слышать!
2025-11-20 20:31:10,547 - VoiceAssistant - INFO - Слушаю команду...
2025-11-20 20:31:16,685 - VoiceAssistant - WARNING - Речь не распознана
2025-11-20 20:31:16,685 - VoiceAssistant - INFO - Слушаю команду...
2025-11-20 20:31:22,663 - VoiceAssistant - WARNING - Речь не распознана
2025-11-20 20:31:22,664 - VoiceAssistant - INFO - Слушаю команду...
2025-11-20 20:31:28,663 - VoiceAssistant - INFO - Распознано: выход
2025-11-20 20:31:28,663 - VoiceAssistant - INFO - Завершение работы ассистента
2025-11-20 20:31:28,664 - VoiceAssistant - INFO - Озвучка: До свидания! Буду рад помочь снова!
2025-11-20 20:33:05,059 - comtypes.client._code_cache - INFO - Imported existing <module 'comtypes.gen' from 'C:\\Users\\itojl\\PycharmProjects\\voice_assistant\\.venv\\Lib\\site-packages\\comtypes\\gen\\__init__.py'>
2025-11-20 20:33:05,059 - comtypes.client._code_cache - INFO - Using writeable comtypes cache directory: 'C:\Users\itojl\PycharmProjects\voice_assistant\.venv\Lib\site-packages\comtypes\gen'
2025-11-20 20:33:05,145 - VoiceAssistant - INFO - TTS система инициализирована
2025-11-20 20:33:06,280 - VoiceAssistant - INFO - STT система инициализирована
2025-11-20 20:33:06,280 - VoiceAssistant - INFO - Загружено 9 навыков
2025-11-20 20:33:06,280 - VoiceAssistant - INFO - Голосовой ассистент инициализирован
2025-11-20 20:33:06,280 - VoiceAssistant - INFO - Запуск ассистента
2025-11-20 20:33:06,280 - VoiceAssistant - INFO - Озвучка: Голосовой ассистент запущен! Скажите 'помощь' для списка команд.
2025-11-20 20:33:14,095 - VoiceAssistant - INFO - Слушаю команду...
2025-11-20 20:33:18,448 - VoiceAssistant - WARNING - Речь не распознана
2025-11-20 20:33:18,448 - VoiceAssistant - INFO - Слушаю команду...
2025-11-20 20:33:23,814 - VoiceAssistant - INFO - Распознано: Расскажи шутку
2025-11-20 20:33:23,814 - VoiceAssistant - INFO - Навык найден: Шутки
2025-11-20 20:33:23,814 - VoiceAssistant - INFO - Озвучка: Что сказал один байт другому? Я тебя в цикле жду!
2025-11-20 20:33:28,419 - VoiceAssistant - INFO - Слушаю команду...
2025-11-20 20:33:34,975 - VoiceAssistant - WARNING - Речь не распознана
2025-11-20 20:33:34,975 - VoiceAssistant - INFO - Слушаю команду...
2025-11-20 20:33:40,993 - VoiceAssistant - WARNING - Речь не распознана
2025-11-20 20:33:40,993 - VoiceAssistant - INFO - Слушаю команду...
2025-11-20 20:33:47,307 - VoiceAssistant - WARNING - Речь не распознана
2025-11-20 20:33:47,308 - VoiceAssistant - INFO - Слушаю команду...
2025-11-20 20:33:53,764 - VoiceAssistant - INFO - Распознано: погода
2025-11-20 20:33:53,765 - VoiceAssistant - INFO - Навык найден: Погода
2025-11-20 20:33:53,765 - VoiceAssistant - INFO - Озвучка: Погодный сервис временно недоступен. Для реальной погоды нужно настроить API ключ.
2025-11-20 20:34:00,546 - VoiceAssistant - INFO - Слушаю команду...
2025-11-20 20:34:06,586 - VoiceAssistant - WARNING - Речь не распознана
2025-11-20 20:34:06,586 - VoiceAssistant - INFO - Слушаю команду...
2025-11-20 20:34:12,651 - VoiceAssistant - WARNING - Речь не распознана
2025-11-20 20:34:12,651 - VoiceAssistant - INFO - Слушаю команду...
2025-11-20 20:34:18,583 - VoiceAssistant - WARNING - Речь не распознана
2025-11-20 20:34:18,584 - VoiceAssistant - INFO - Слушаю команду...
2025-11-20 20:34:24,575 - VoiceAssistant - WARNING - Речь не распознана
2025-11-20 20:34:24,575 - VoiceAssistant - INFO - Слушаю команду...
2025-11-20 20:34:34,837 - VoiceAssistant - WARNING - Речь не распознана
2025-11-20 20:34:34,838 - VoiceAssistant - INFO - Слушаю команду...
2025-11-20 20:34:41,076 - VoiceAssistant - WARNING - Речь не распознана
2025-11-20 20:34:41,077 - VoiceAssistant - INFO - Слушаю команду...
2025-11-20 20:34:47,178 - VoiceAssistant - WARNING - Речь не распознана
2025-11-20 20:34:47,178 - VoiceAssistant - INFO - Слушаю команду...
2025-11-20 20:34:53,399 - VoiceAssistant - WARNING - Речь не распознана
2025-11-20 20:34:53,399 - VoiceAssistant - INFO - Слушаю команду...
2025-11-20 20:34:59,542 - VoiceAssistant - WARNING - Речь не распознана
2025-11-20 20:34:59,542 - VoiceAssistant - INFO - Слушаю команду...
2025-11-20 20:35:05,863 - VoiceAssistant - WARNING - Речь не распознана
2025-11-20 20:35:05,863 - VoiceAssistant - INFO - Слушаю команду...
2025-11-20 20:35:12,171 - VoiceAssistant - WARNING - Речь не распознана
2025-11-20 20:35:12,171 - VoiceAssistant - INFO - Слушаю команду...
2025-11-20 20:35:18,393 - VoiceAssistant - WARNING - Речь не распознана
2025-11-20 20:35:18,393 - VoiceAssistant - INFO - Слушаю команду...
2025-11-20 20:35:24,726 - VoiceAssistant - WARNING - Речь не распознана
2025-11-20 20:35:24,726 - VoiceAssistant - INFO - Слушаю команду...
2025-11-20 20:35:30,890 - VoiceAssistant - WARNING - Речь не распознана
2025-11-20 20:35:30,890 - VoiceAssistant - INFO - Слушаю команду...
2025-11-20 20:35:37,008 - VoiceAssistant - WARNING - Речь не распознана
2025-11-20 20:35:37,008 - VoiceAssistant - INFO - Слушаю команду...
2025-11-20 20:35:43,069 - VoiceAssistant - WARNING - Речь не распознана
2025-11-20 20:35:43,070 - VoiceAssistant - INFO - Слушаю команду...
2025-11-20 20:35:49,189 - VoiceAssistant - WARNING - Речь не распознана
2025-11-20 20:35:49,189 - VoiceAssistant - INFO - Слушаю команду...
2025-11-20 20:35:55,170 - VoiceAssistant - WARNING - Речь не распознана
2025-11-20 20:35:55,171 - VoiceAssistant - INFO - Слушаю команду...
2025-11-20 20:36:01,077 - VoiceAssistant - WARNING - Речь не распознана
2025-11-20 20:36:01,077 - VoiceAssistant - INFO - Слушаю команду...
2025-11-20 20:36:07,157 - VoiceAssistant - WARNING - Речь не распознана
2025-11-20 20:36:07,157 - VoiceAssistant - INFO - Слушаю команду...
2025-11-20 20:36:13,071 - VoiceAssistant - WARNING - Речь не распознана
2025-11-20 20:36:13,071 - VoiceAssistant - INFO - Слушаю команду...
2025-11-20 20:36:19,113 - VoiceAssistant - WARNING - Речь не распознана
2025-11-20 20:36:19,113 - VoiceAssistant - INFO - Слушаю команду...
2025-11-20 20:36:27,764 - VoiceAssistant - WARNING - Речь не распознана
2025-11-20 20:36:27,764 - VoiceAssistant - INFO - Слушаю команду...
2025-11-20 20:36:33,973 - VoiceAssistant - WARNING - Речь не распознана
2025-11-20 20:36:33,974 - VoiceAssistant - INFO - Слушаю команду...
2025-11-20 20:36:40,107 - VoiceAssistant - WARNING - Речь не распознана
2025-11-20 20:36:40,108 - VoiceAssistant - INFO - Слушаю команду...
2025-11-20 20:36:46,108 - VoiceAssistant - WARNING - Речь не распознана
2025-11-20 20:36:46,108 - VoiceAssistant - INFO - Слушаю команду...
2025-11-20 20:36:52,209 - VoiceAssistant - WARNING - Речь не распознана
2025-11-20 20:36:52,209 - VoiceAssistant - INFO - Слушаю команду...
2025-11-20 20:36:58,184 - VoiceAssistant - WARNING - Речь не распознана
2025-11-20 20:36:58,184 - VoiceAssistant - INFO - Слушаю команду...
2025-11-20 20:37:04,243 - VoiceAssistant - WARNING - Речь не распознана
2025-11-20 20:37:04,243 - VoiceAssistant - INFO - Слушаю команду...
2025-11-20 20:37:10,442 - VoiceAssistant - WARNING - Речь не распознана
2025-11-20 20:37:10,442 - VoiceAssistant - INFO - Слушаю команду...
2025-11-20 20:37:16,491 - VoiceAssistant - WARNING - Речь не распознана
2025-11-20 20:37:16,491 - VoiceAssistant - INFO - Слушаю команду...
2025-11-20 20:37:22,720 - VoiceAssistant - WARNING - Речь не распознана
2025-11-20 20:37:22,720 - VoiceAssistant - INFO - Слушаю команду...
2025-11-20 20:37:28,853 - VoiceAssistant - WARNING - Речь не распознана
2025-11-20 20:37:28,853 - VoiceAssistant - INFO - Слушаю команду...
2025-11-20 20:37:34,799 - VoiceAssistant - WARNING - Речь не распознана
2025-11-20 20:37:34,800 - VoiceAssistant - INFO - Слушаю команду...
2025-11-20 20:37:40,684 - VoiceAssistant - WARNING - Речь не распознана
2025-11-20 20:37:40,685 - VoiceAssistant - INFO - Слушаю команду...
2025-11-20 20:37:46,675 - VoiceAssistant - WARNING - Речь не распознана
2025-11-20 20:37:46,676 - VoiceAssistant - INFO - Слушаю команду...
2025-11-20 20:37:52,711 - VoiceAssistant - WARNING - Речь не распознана
2025-11-20 20:37:52,711 - VoiceAssistant - INFO - Слушаю команду...
2025-11-20 20:37:58,683 - VoiceAssistant - WARNING - Речь не распознана
2025-11-20 20:37:58,684 - VoiceAssistant - INFO - Слушаю команду...
2025-11-20 20:38:04,764 - VoiceAssistant - WARNING - Речь не распознана
2025-11-20 20:38:04,764 - VoiceAssistant - INFO - Слушаю команду...
2025-11-20 20:38:10,944 - VoiceAssistant - WARNING - Речь не распознана
2025-11-20 20:38:10,945 - VoiceAssistant - INFO - Слушаю команду...
2025-11-20 20:38:13,286 - VoiceAssistant - INFO - Завершение работы ассистента
2025-11-20 20:38:13,286 - VoiceAssistant - INFO - Озвучка: До свидания! Буду рад помочь снова!
2025-11-20 20:38:20,271 - comtypes.client._code_cache - INFO - Imported existing <module 'comtypes.gen' from 'C:\\Users\\itojl\\PycharmProjects\\voice_assistant\\.venv\\Lib\\site-packages\\comtypes\\gen\\__init__.py'>
2025-11-20 20:38:20,271 - comtypes.client._code_cache - INFO - Using writeable comtypes cache directory: 'C:\Users\itojl\PycharmProjects\voice_assistant\.venv\Lib\site-packages\comtypes\gen'
2025-11-20 20:38:20,357 - VoiceAssistant - INFO - TTS система инициализирована
2025-11-20 20:38:21,497 - VoiceAssistant - INFO - STT система инициализирована
2025-11-20 20:38:21,497 - VoiceAssistant - INFO - Загружено 9 навыков
2025-11-20 20:38:21,497 - VoiceAssistant - INFO - Голосовой ассистент инициализирован
2025-11-20 20:38:21,498 - VoiceAssistant - INFO - Запуск ассистента
2025-11-20 20:38:21,498 - VoiceAssistant - INFO - Озвучка: Голосовой ассистент запущен! Скажите 'помощь' для списка команд.
2025-11-20 20:38:29,144 - VoiceAssistant - INFO - Слушаю команду...
2025-11-20 20:38:37,087 - VoiceAssistant - INFO - Распознано: помощь
2025-11-20 20:38:37,088 - VoiceAssistant - INFO - Слушаю команду...
2025-11-20 20:38:40,397 - VoiceAssistant - WARNING - Речь не распознана
2025-11-20 20:38:40,398 - VoiceAssistant - INFO - Слушаю команду...
2025-11-20 20:38:46,424 - VoiceAssistant - INFO - Распознано: помощь
2025-11-20 20:38:46,425 - VoiceAssistant - INFO - Слушаю команду...
2025-11-20 20:38:52,600 - VoiceAssistant - WARNING - Речь не распознана
2025-11-20 20:38:52,600 - VoiceAssistant - INFO - Слушаю команду...
2025-11-20 20:38:58,664 - VoiceAssistant - INFO - Распознано: погода
2025-11-20 20:38:58,664 - VoiceAssistant - INFO - Навык найден: Погода
2025-11-20 20:38:58,664 - VoiceAssistant - INFO - Запрос погоды для Ivanovo: 56.9942, 40.9858
2025-11-20 20:38:58,812 - VoiceAssistant - INFO - Данные погоды получены: пасмурно
2025-11-20 20:38:58,813 - VoiceAssistant - INFO - Озвучка: ☁️ Погода в Ivanovo: пасмурно. Температура -1°C, ощущается как -4°C. Влажность 89%. Ветер 2.05 м/с. Холодно! Наденьте куртку.
2025-11-20 20:39:15,719 - VoiceAssistant - INFO - Слушаю команду...
2025-11-20 20:39:21,603 - VoiceAssistant - WARNING - Речь не распознана
2025-11-20 20:39:21,604 - VoiceAssistant - INFO - Слушаю команду...
2025-11-20 20:39:27,719 - VoiceAssistant - INFO - Распознано: пока
2025-11-20 20:39:27,720 - VoiceAssistant - INFO - Завершение работы ассистента
2025-11-20 20:39:27,720 - VoiceAssistant - INFO - Озвучка: До свидания! Буду рад помочь снова!
2025-11-20 20:42:13,270 - comtypes.client._code_cache - INFO - Imported existing <module 'comtypes.gen' from 'C:\\Users\\itojl\\PycharmProjects\\voice_assistant\\.venv\\Lib\\site-packages\\comtypes\\gen\\__init__.py'>
2025-11-20 20:42:13,270 - comtypes.client._code_cache - INFO - Using writeable comtypes cache directory: 'C:\Users\itojl\PycharmProjects\voice_assistant\.venv\Lib\site-packages\comtypes\gen'
2025-11-20 20:42:13,364 - VoiceAssistant - INFO - TTS система инициализирована
2025-11-20 20:42:14,494 - VoiceAssistant - INFO - STT система инициализирована
2025-11-20 20:42:14,495 - VoiceAssistant - INFO - Загружено 9 навыков
2025-11-20 20:42:14,495 - VoiceAssistant - INFO - Голосовой ассистент инициализирован
2025-11-20 20:42:14,495 - VoiceAssistant - INFO - Запуск ассистента
2025-11-20 20:42:14,495 - VoiceAssistant - INFO - Озвучка: Голосовой ассистент запущен! Скажите 'помощь' для списка команд.
2025-11-20 20:42:22,155 - VoiceAssistant - INFO - Слушаю команду...
2025-11-20 20:42:27,525 - VoiceAssistant - WARNING - Речь не распознана
2025-11-20 20:42:27,525 - VoiceAssistant - INFO - Слушаю команду...
2025-11-20 20:42:33,833 - VoiceAssistant - INFO - Распознано: Привет
2025-11-20 20:42:33,833 - VoiceAssistant - INFO - Озвучка: Привет, ваня! Рад тебя слышать!
2025-11-20 20:42:37,881 - VoiceAssistant - INFO - Слушаю команду...
2025-11-20 20:42:45,261 - VoiceAssistant - INFO - Распознано: Как дела
2025-11-20 20:42:45,262 - VoiceAssistant - INFO - Озвучка: Извините, я не понял команду. Скажите 'помощь' для списка команд.
2025-11-20 20:42:51,180 - VoiceAssistant - INFO - Слушаю команду...
2025-11-20 20:42:57,471 - VoiceAssistant - INFO - Распознано: погода
2025-11-20 20:42:57,471 - VoiceAssistant - INFO - Навык найден: Погода
2025-11-20 20:42:57,472 - VoiceAssistant - INFO - Запрос погоды для Ivanovo: 56.9942, 40.9858
2025-11-20 20:42:57,599 - VoiceAssistant - INFO - Данные погоды получены: пасмурно
2025-11-20 20:42:57,600 - VoiceAssistant - INFO - Озвучка: ☁️ Погода в Ivanovo: пасмурно. Температура -1°C, ощущается как -4°C. Влажность 89%. Ветер 2.05 м/с. Холодно! Наденьте куртку.
2025-11-20 20:43:14,486 - VoiceAssistant - INFO - Слушаю команду...
2025-11-20 20:43:20,772 - VoiceAssistant - INFO - Распознано: а можно через 7 минут
2025-11-20 20:43:20,773 - VoiceAssistant - INFO - Озвучка: Извините, я не понял команду. Скажите 'помощь' для списка команд.
2025-11-20 20:43:26,726 - VoiceAssistant - INFO - Слушаю команду...
2025-11-20 20:43:33,080 - VoiceAssistant - INFO - Распознано: через 7 минуток я всё завершу и будем всё с тобой
2025-11-20 20:43:33,081 - VoiceAssistant - INFO - Озвучка: Извините, я не понял команду. Скажите 'помощь' для списка команд.
2025-11-20 20:43:39,027 - VoiceAssistant - INFO - Слушаю команду...
2025-11-20 20:43:45,132 - VoiceAssistant - WARNING - Речь не распознана
2025-11-20 20:43:45,133 - VoiceAssistant - INFO - Слушаю команду...
2025-11-20 20:43:51,097 - VoiceAssistant - INFO - Распознано: выход
2025-11-20 20:43:51,097 - VoiceAssistant - INFO - Завершение работы ассистента
2025-11-20 20:43:51,097 - VoiceAssistant - INFO - Озвучка: До свидания! Буду рад помочь снова!
2025-11-20 20:47:38,660 - comtypes.client._code_cache - INFO - Imported existing <module 'comtypes.gen' from 'C:\\Users\\itojl\\PycharmProjects\\voice_assistant\\.venv\\Lib\\site-packages\\comtypes\\gen\\__init__.py'>
2025-11-20 20:47:38,660 - comtypes.client._code_cache - INFO - Using writeable comtypes cache directory: 'C:\Users\itojl\PycharmProjects\voice_assistant\.venv\Lib\site-packages\comtypes\gen'
2025-11-20 20:47:38,747 - VoiceAssistant - INFO - TTS система инициализирована
2025-11-20 20:47:39,896 - VoiceAssistant - INFO - STT система инициализирована
2025-11-20 20:47:39,897 - VoiceAssistant - INFO - Загружено 10 навыков
2025-11-20 20:47:39,897 - VoiceAssistant - INFO - Голосовой ассистент инициализирован
2025-11-20 20:47:39,897 - VoiceAssistant - INFO - Запуск ассистента
2025-11-20 20:47:39,897 - VoiceAssistant - INFO - Озвучка: Голосовой ассистент запущен! Скажите 'помощь' для списка команд.
2025-11-20 20:47:47,607 - VoiceAssistant - INFO - Слушаю команду...
2025-11-20 20:47:56,252 - VoiceAssistant - INFO - Распознано: начать игру
2025-11-20 20:47:56,252 - VoiceAssistant - INFO - Озвучка: Начинаем игру в Крестики-нолики! Вы играете крестиками, я - ноликами. Скажите номер клетки от 1 до 9 для вашего хода.
2025-11-20 20:48:06,671 - VoiceAssistant - INFO - Слушаю команду...
2025-11-20 20:48:11,476 - VoiceAssistant - INFO - Распознано: номер один
2025-11-20 20:48:11,477 - VoiceAssistant - INFO - Озвучка: Я ставлю нолик в клетку 5. Текущая доска: X | 2 | 3. 4 | O | 6. 7 | 8 | 9. 
2025-11-20 20:48:20,497 - VoiceAssistant - INFO - Слушаю команду...
2025-11-20 20:48:27,062 - VoiceAssistant - INFO - Распознано: номер девять
2025-11-20 20:48:27,062 - VoiceAssistant - INFO - Озвучка: Я ставлю нолик в клетку 3. Текущая доска: X | 2 | O. 4 | O | 6. 7 | 8 | X. 
2025-11-20 20:48:35,069 - VoiceAssistant - INFO - Слушаю команду...
2025-11-20 20:48:41,116 - VoiceAssistant - WARNING - Речь не распознана
2025-11-20 20:48:41,116 - VoiceAssistant - INFO - Слушаю команду...
2025-11-20 20:48:47,171 - VoiceAssistant - WARNING - Речь не распознана
2025-11-20 20:48:47,171 - VoiceAssistant - INFO - Слушаю команду...
2025-11-20 20:48:53,249 - VoiceAssistant - WARNING - Речь не распознана
2025-11-20 20:48:53,249 - VoiceAssistant - INFO - Слушаю команду...
2025-11-20 20:48:59,526 - VoiceAssistant - INFO - Распознано: номер семь
2025-11-20 20:48:59,526 - VoiceAssistant - INFO - Озвучка: Я ставлю нолик в клетку 4. Текущая доска: X | 2 | O. O | O | 6. X | 8 | X. 
2025-11-20 20:49:07,520 - VoiceAssistant - INFO - Слушаю команду...
2025-11-20 20:49:14,626 - VoiceAssistant - WARNING - Речь не распознана
2025-11-20 20:49:14,626 - VoiceAssistant - INFO - Слушаю команду...
2025-11-20 20:49:20,653 - VoiceAssistant - WARNING - Речь не распознана
2025-11-20 20:49:20,653 - VoiceAssistant - INFO - Слушаю команду...
2025-11-20 20:49:26,645 - VoiceAssistant - INFO - Распознано: номер
2025-11-20 20:49:26,645 - VoiceAssistant - INFO - Озвучка: Не понял ход. Скажите номер клетки от 1 до 9. Свободные клетки: 2, 6, 8
2025-11-20 20:49:35,250 - VoiceAssistant - INFO - Слушаю команду...
2025-11-20 20:49:41,352 - VoiceAssistant - INFO - Распознано: номер восемь
2025-11-20 20:49:41,353 - VoiceAssistant - INFO - Озвучка: Поздравляю! Вы выиграли! 🎉
2025-11-20 20:49:46,090 - VoiceAssistant - INFO - Слушаю команду...
2025-11-20 20:49:52,032 - VoiceAssistant - WARNING - Речь не распознана
2025-11-20 20:49:52,032 - VoiceAssistant - INFO - Слушаю команду...
2025-11-20 20:49:58,021 - VoiceAssistant - WARNING - Речь не распознана
2025-11-20 20:49:58,021 - VoiceAssistant - INFO - Слушаю команду...
2025-11-20 20:50:03,950 - VoiceAssistant - WARNING - Речь не распознана
2025-11-20 20:50:03,951 - VoiceAssistant - INFO - Слушаю команду...
2025-11-20 20:50:12,068 - VoiceAssistant - WARNING - Речь не распознана
2025-11-20 20:50:12,069 - VoiceAssistant - INFO - Слушаю команду...
2025-11-20 20:50:18,340 - VoiceAssistant - WARNING - Речь не распознана
2025-11-20 20:50:18,340 - VoiceAssistant - INFO - Слушаю команду...
2025-11-20 20:50:24,438 - VoiceAssistant - WARNING - Речь не распознана
2025-11-20 20:50:24,439 - VoiceAssistant - INFO - Слушаю команду...
2025-11-20 20:50:31,784 - VoiceAssistant - WARNING - Речь не распознана
2025-11-20 20:50:31,784 - VoiceAssistant - INFO - Слушаю команду...
2025-11-20 20:50:37,876 - VoiceAssistant - WARNING - Речь не распознана
2025-11-20 20:50:37,876 - VoiceAssistant - INFO - Слушаю команду...
2025-11-20 20:50:44,026 - VoiceAssistant - WARNING - Речь не распознана
2025-11-20 20:50:44,026 - VoiceAssistant - INFO - Слушаю команду...
2025-11-20 20:50:50,032 - VoiceAssistant - WARNING - Речь не распознана
2025-11-20 20:50:50,033 - VoiceAssistant - INFO - Слушаю команду...
2025-11-20 20:50:55,968 - VoiceAssistant - WARNING - Речь не распознана
2025-11-20 20:50:55,969 - VoiceAssistant - INFO - Слушаю команду...
2025-11-20 20:51:02,000 - VoiceAssistant - WARNING - Речь не распознана
2025-11-20 20:51:02,000 - VoiceAssistant - INFO - Слушаю команду...
2025-11-20 20:51:08,009 - VoiceAssistant - WARNING - Речь не распознана
2025-11-20 20:51:08,009 - VoiceAssistant - INFO - Слушаю команду...
2025-11-20 20:51:14,014 - VoiceAssistant - WARNING - Речь не распознана
2025-11-20 20:51:14,014 - VoiceAssistant - INFO - Слушаю команду...
2025-11-20 20:51:19,981 - VoiceAssistant - WARNING - Речь не распознана
2025-11-20 20:51:19,981 - VoiceAssistant - INFO - Слушаю команду...
2025-11-20 20:51:26,012 - VoiceAssistant - WARNING - Речь не распознана
2025-11-20 20:51:26,012 - VoiceAssistant - INFO - Слушаю команду...
2025-11-20 20:51:31,898 - VoiceAssistant - WARNING - Речь не распознана
2025-11-20 20:51:31,898 - VoiceAssistant - INFO - Слушаю команду...
2025-11-20 20:51:37,914 - VoiceAssistant - WARNING - Речь не распознана
2025-11-20 20:51:37,914 - VoiceAssistant - INFO - Слушаю команду...
2025-11-20 20:51:43,778 - VoiceAssistant - WARNING - Речь не распознана
2025-11-20 20:51:43,778 - VoiceAssistant - INFO - Слушаю команду...
2025-11-20 20:51:49,808 - VoiceAssistant - INFO - Распознано: выход
2025-11-20 20:51:49,808 - VoiceAssistant - INFO - Завершение работы ассистента
2025-11-20 20:51:49,809 - VoiceAssistant - INFO - Озвучка: До свидания! Буду рад помочь снова!
2025-11-20 20:52:51,863 - comtypes.client._code_cache - INFO - Imported existing <module 'comtypes.gen' from 'C:\\Users\\itojl\\PycharmProjects\\voice_assistant\\.venv\\Lib\\site-packages\\comtypes\\gen\\__init__.py'>
2025-11-20 20:52:51,864 - comtypes.client._code_cache - INFO - Using writeable comtypes cache directory: 'C:\Users\itojl\PycharmProjects\voice_assistant\.venv\Lib\site-packages\comtypes\gen'
2025-11-20 20:52:51,950 - VoiceAssistant - INFO - TTS система инициализирована
2025-11-20 20:52:53,089 - VoiceAssistant - INFO - STT система инициализирована
2025-11-20 20:52:53,089 - VoiceAssistant - INFO - Загружено 10 навыков
2025-11-20 20:52:53,089 - VoiceAssistant - INFO - Голосовой ассистент инициализирован
2025-11-20 20:52:53,089 - VoiceAssistant - INFO - Запуск ассистента
2025-11-20 20:52:53,089 - VoiceAssistant - INFO - Озвучка: Голосовой ассистент запущен! Скажите 'помощь' для списка команд.
2025-11-20 20:53:00,760 - VoiceAssistant - INFO - Слушаю команду...
2025-11-20 20:53:03,657 - VoiceAssistant - WARNING - Речь не распознана
2025-11-20 20:53:03,658 - VoiceAssistant - INFO - Слушаю команду...
2025-11-20 20:53:06,859 - VoiceAssistant - WARNING - Речь не распознана
2025-11-20 20:53:06,859 - VoiceAssistant - INFO - Слушаю команду...
2025-11-20 20:53:13,287 - VoiceAssistant - INFO - Распознано: выход
2025-11-20 20:53:13,287 - VoiceAssistant - INFO - Завершение работы ассистента
2025-11-20 20:53:13,287 - VoiceAssistant - INFO - Озвучка: До свидания! Буду рад помочь снова!
2025-11-20 20:56:36,649 - comtypes.client._code_cache - INFO - Imported existing <module 'comtypes.gen' from 'C:\\Users\\itojl\\PycharmProjects\\voice_assistant\\.venv\\Lib\\site-packages\\comtypes\\gen\\__init__.py'>
2025-11-20 20:56:36,649 - comtypes.client._code_cache - INFO - Using writeable comtypes cache directory: 'C:\Users\itojl\PycharmProjects\voice_assistant\.venv\Lib\site-packages\comtypes\gen'
2025-11-20 20:56:36,732 - VoiceAssistant - INFO - TTS система инициализирована
2025-11-20 20:56:37,873 - VoiceAssistant - INFO - STT система инициализирована
2025-11-20 20:56:37,874 - VoiceAssistant - INFO - Загружено 10 навыков
2025-11-20 20:56:37,874 - VoiceAssistant - INFO - Голосовой ассистент инициализирован
2025-11-20 20:56:37,874 - VoiceAssistant - INFO - Запуск ассистента
2025-11-20 20:56:37,874 - VoiceAssistant - INFO - Озвучка: Голосовой ассистент запущен! Скажите 'помощь' для списка команд.
2025-11-20 20:56:49,079 - VoiceAssistant - INFO - Распознано: Привет
2025-11-20 20:56:49,079 - VoiceAssistant - INFO - Озвучка: Привет, ваня! Рад тебя слышать!
2025-11-20 20:56:59,363 - VoiceAssistant - INFO - Распознано: начать игру
2025-11-20 20:56:59,364 - VoiceAssistant - INFO - Озвучка: Начинаем игру в Крестики-нолики! Вы играете крестиками, я - ноликами. Скажите номер клетки от 1 до 9 для вашего хода.
2025-11-20 20:57:15,812 - VoiceAssistant - INFO - Распознано: выход
2025-11-20 20:57:15,813 - VoiceAssistant - INFO - Озвучка: Выхожу из игры. Можете продолжить общение!
2025-11-20 20:57:26,088 - VoiceAssistant - INFO - Распознано: пока
2025-11-20 20:57:26,089 - VoiceAssistant - INFO - Завершение работы ассистента
2025-11-20 20:57:26,089 - VoiceAssistant - INFO - Озвучка: До свидания! Буду рад помочь снова!
2025-11-20 21:07:43,618 - comtypes.client._code_cache - INFO - Imported existing <module 'comtypes.gen' from 'C:\\Users\\itojl\\PycharmProjects\\voice_assistant\\.venv\\Lib\\site-packages\\comtypes\\gen\\__init__.py'>
2025-11-20 21:07:43,619 - comtypes.client._code_cache - INFO - Using writeable comtypes cache directory: 'C:\Users\itojl\PycharmProjects\voice_assistant\.venv\Lib\site-packages\comtypes\gen'
2025-11-20 21:07:43,702 - VoiceAssistant - INFO - TTS система инициализирована
2025-11-20 21:07:44,882 - VoiceAssistant - INFO - STT система инициализирована
2025-11-20 21:07:44,882 - VoiceAssistant - INFO - Загружено 10 навыков
2025-11-20 21:07:44,882 - VoiceAssistant - INFO - Голосовой ассистент инициализирован
2025-11-20 21:07:44,882 - VoiceAssistant - INFO - Запуск ассистента
2025-11-20 21:07:44,882 - VoiceAssistant - INFO - Озвучка: Голосовой ассистент запущен! Скажите 'помощь' для списка команд.
2025-11-20 21:07:56,356 - VoiceAssistant - INFO - Распознано: Привет
2025-11-20 21:07:56,356 - VoiceAssistant - INFO - Озвучка: Привет, ваня! Рад тебя слышать!
2025-11-20 21:08:03,984 - VoiceAssistant - INFO - Распознано: пока
2025-11-20 21:08:03,984 - VoiceAssistant - INFO - Завершение работы ассистента
2025-11-20 21:08:03,984 - VoiceAssistant - INFO - Озвучка: До свидания! Буду рад помочь снова!
2025-11-20 21:24:05,476 - VoiceAssistant - INFO - Используется Google TTS
2025-11-20 21:24:06,649 - VoiceAssistant - INFO - STT система инициализирована
2025-11-20 21:24:06,664 - VoiceAssistant - INFO - Загружено 10 навыков
2025-11-20 21:24:06,665 - VoiceAssistant - INFO - Голосовой ассистент инициализирован с Google TTS
2025-11-20 21:24:06,665 - VoiceAssistant - INFO - Запуск ассистента
2025-11-20 21:24:06,665 - VoiceAssistant - INFO - Озвучка: Голосовой ассистент запущен! Скажите 'помощь' для списка команд.
2025-11-20 21:24:06,665 - VoiceAssistant - INFO - Google TTS: 'Голосовой ассистент запущен! Скажите 'помощь' для списка команд.'
2025-11-20 21:24:14,153 - VoiceAssistant - INFO - Распознано: голосовой ассистент запущен Скажите помощь для списка команд
2025-11-20 21:24:20,627 - VoiceAssistant - INFO - Распознано: помощь
2025-11-20 21:24:29,436 - VoiceAssistant - INFO - Распознано: Привет
2025-11-20 21:24:29,436 - VoiceAssistant - INFO - Озвучка: Привет, ваня! Рад тебя слышать!
2025-11-20 21:24:29,437 - VoiceAssistant - INFO - Google TTS: 'Привет, ваня! Рад тебя слышать!'
2025-11-20 21:24:36,081 - VoiceAssistant - INFO - Распознано: Привет Ваня рад тебя слышать
2025-11-20 21:24:36,082 - VoiceAssistant - INFO - Озвучка: Привет, ваня! Рад тебя слышать!
2025-11-20 21:24:36,082 - VoiceAssistant - INFO - Google TTS: 'Привет, ваня! Рад тебя слышать!'
2025-11-20 21:24:42,804 - VoiceAssistant - INFO - Распознано: Привет Ваня рад тебя слышать
2025-11-20 21:24:42,805 - VoiceAssistant - INFO - Озвучка: Привет, ваня! Рад тебя слышать!
2025-11-20 21:24:42,806 - VoiceAssistant - INFO - Google TTS: 'Привет, ваня! Рад тебя слышать!'
2025-11-20 21:24:49,495 - VoiceAssistant - INFO - Распознано: Привет Ваня рад тебя слышать пока
2025-11-20 21:24:49,496 - VoiceAssistant - INFO - Завершение работы ассистента
2025-11-20 21:24:49,496 - VoiceAssistant - INFO - Озвучка: До свидания! Буду рад помочь снова!
2025-11-20 21:24:49,496 - VoiceAssistant - INFO - Google TTS: 'До свидания! Буду рад помочь снова!'
2025-11-20 21:24:49,991 - VoiceAssistant - ERROR - Ошибка воспроизведения: mixer not initialized
2025-11-20 21:27:41,453 - VoiceAssistant - INFO - Используется Google TTS
2025-11-20 21:27:42,589 - VoiceAssistant - INFO - STT система инициализирована
2025-11-20 21:27:42,589 - VoiceAssistant - INFO - Загружено 10 навыков
2025-11-20 21:27:42,589 - VoiceAssistant - INFO - Голосовой ассистент инициализирован с Google TTS
2025-11-20 21:27:42,589 - VoiceAssistant - INFO - Запуск ассистента
2025-11-20 21:27:42,590 - VoiceAssistant - INFO - Озвучка: Голосовой ассистент запущен! Скажите 'помощь' для списка команд.
2025-11-20 21:27:42,590 - VoiceAssistant - INFO - Google TTS: 'Голосовой ассистент запущен! Скажите 'помощь' для списка команд.' голосом male
2025-11-20 21:27:49,912 - VoiceAssistant - INFO - Распознано: голосовой ассистент запущен Скажите помощь для списка команд
2025-11-20 21:27:52,118 - VoiceAssistant - INFO - Распознано: голоса
2025-11-20 21:27:52,118 - VoiceAssistant - INFO - Озвучка: Извините, я не понял команду. Скажите 'помощь' для списка команд.
2025-11-20 21:27:52,118 - VoiceAssistant - INFO - Google TTS: 'Извините, я не понял команду. Скажите 'помощь' для списка команд.' голосом male
2025-11-20 21:27:56,433 - VoiceAssistant - INFO - Распознано: Извините я не понял команду
2025-11-20 21:27:56,434 - VoiceAssistant - INFO - Озвучка: Извините, я не понял команду. Скажите 'помощь' для списка команд.
2025-11-20 21:27:56,434 - VoiceAssistant - INFO - Google TTS: 'Извините, я не понял команду. Скажите 'помощь' для списка команд.' голосом male
2025-11-20 21:28:03,074 - VoiceAssistant - INFO - Распознано: доступные голоса
2025-11-20 21:28:03,076 - VoiceAssistant - INFO - Озвучка: Показал доступные голоса в консоли. Скажите 'смени голос male' для смены.
2025-11-20 21:28:03,076 - VoiceAssistant - INFO - Google TTS: 'Показал доступные голоса в консоли. Скажите 'смени голос male' для смены.' голосом male
2025-11-20 21:28:10,193 - VoiceAssistant - WARNING - Речь не распознана
2025-11-20 21:28:16,492 - VoiceAssistant - INFO - Распознано: мужской голос
2025-11-20 21:28:16,492 - VoiceAssistant - INFO - Установлен голос: male
2025-11-20 21:28:16,492 - VoiceAssistant - INFO - Озвучка: Голос изменен на male
2025-11-20 21:28:16,493 - VoiceAssistant - INFO - Google TTS: 'Голос изменен на male' голосом male
2025-11-20 21:28:23,126 - VoiceAssistant - INFO - Распознано: волосы изменён на мал Привет
2025-11-20 21:28:23,129 - VoiceAssistant - INFO - Озвучка: Привет, ваня! Рад тебя слышать!
2025-11-20 21:28:23,129 - VoiceAssistant - INFO - Google TTS: 'Привет, ваня! Рад тебя слышать!' голосом male
2025-11-20 21:28:30,309 - VoiceAssistant - INFO - Распознано: Привет Ваня рад тебя слышать
2025-11-20 21:28:30,309 - VoiceAssistant - INFO - Озвучка: Привет, ваня! Рад тебя слышать!
2025-11-20 21:28:30,310 - VoiceAssistant - INFO - Google TTS: 'Привет, ваня! Рад тебя слышать!' голосом male
2025-11-20 21:28:37,081 - VoiceAssistant - INFO - Распознано: Привет Ваня рад тебя видеть пока
2025-11-20 21:28:37,082 - VoiceAssistant - INFO - Завершение работы ассистента
2025-11-20 21:28:37,082 - VoiceAssistant - INFO - Озвучка: До свидания! Буду рад помочь снова!
2025-11-20 21:28:37,082 - VoiceAssistant - INFO - Google TTS: 'До свидания! Буду рад помочь снова!' голосом male
2025-11-20 21:35:00,712 - VoiceAssistant - INFO - Найдено 3 голосов Windows
2025-11-20 21:35:00,986 - VoiceAssistant - INFO - Автоматически выбран мужской голос: Microsoft David Desktop - English (United States)
2025-11-20 21:35:00,986 - VoiceAssistant - INFO - Используется Windows TTS
2025-11-20 21:35:02,147 - VoiceAssistant - INFO - STT система инициализирована
2025-11-20 21:35:02,147 - VoiceAssistant - INFO - Загружено 10 навыков
2025-11-20 21:35:02,147 - VoiceAssistant - INFO - Голосовой ассистент инициализирован с Windows TTS
2025-11-20 21:35:02,147 - VoiceAssistant - INFO - Запуск ассистента
2025-11-20 21:35:02,147 - VoiceAssistant - INFO - Озвучка: Голосовой ассистент запущен! Скажите 'помощь' для списка команд.
2025-11-20 21:35:10,540 - VoiceAssistant - INFO - Распознано: Привет
2025-11-20 21:35:10,540 - VoiceAssistant - INFO - Озвучка: Привет, ваня! Рад тебя слышать!
2025-11-20 21:35:17,407 - VoiceAssistant - WARNING - Речь не распознана
2025-11-20 21:35:23,617 - VoiceAssistant - INFO - Распознано: доступные голоса
2025-11-20 21:35:23,618 - VoiceAssistant - INFO - Озвучка: Показал доступные голоса в консоли. Скажите 'смени голос 1' для смены.
2025-11-20 21:35:29,946 - VoiceAssistant - WARNING - Речь не распознана
2025-11-20 21:35:36,138 - VoiceAssistant - WARNING - Речь не распознана
2025-11-20 21:35:42,149 - VoiceAssistant - INFO - Распознано: Привет
2025-11-20 21:35:42,150 - VoiceAssistant - INFO - Озвучка: Привет, ваня! Рад тебя слышать!
2025-11-20 21:35:48,362 - VoiceAssistant - WARNING - Речь не распознана
2025-11-20 21:35:54,627 - VoiceAssistant - INFO - Распознано: Hello
2025-11-20 21:35:54,628 - VoiceAssistant - INFO - Озвучка: Извините, я не понял команду. Скажите 'помощь' для списка команд.
2025-11-20 21:36:00,957 - VoiceAssistant - WARNING - Речь не распознана
2025-11-20 21:36:07,402 - VoiceAssistant - INFO - Распознано: смени голос один
2025-11-20 21:36:07,406 - VoiceAssistant - INFO - Озвучка: Укажите номер голоса цифрой. Например: 'смени голос 1'
2025-11-20 21:36:13,568 - VoiceAssistant - WARNING - Речь не распознана
2025-11-20 21:36:19,872 - VoiceAssistant - WARNING - Речь не распознана
2025-11-20 21:36:25,971 - VoiceAssistant - WARNING - Речь не распознана
2025-11-20 21:36:32,173 - VoiceAssistant - WARNING - Речь не распознана
2025-11-20 21:36:38,386 - VoiceAssistant - WARNING - Речь не распознана
2025-11-20 21:36:44,455 - VoiceAssistant - WARNING - Речь не распознана
2025-11-20 21:36:50,779 - VoiceAssistant - INFO - Распознано: выход
2025-11-20 21:36:50,780 - VoiceAssistant - INFO - Завершение работы ассистента
2025-11-20 21:36:50,780 - VoiceAssistant - INFO - Озвучка: До свидания! Буду рад помочь снова!
2025-11-20 21:49:11,141 - comtypes.client._code_cache - INFO - Imported existing <module 'comtypes.gen' from 'C:\\Users\\itojl\\PycharmProjects\\voice_assistant\\.venv\\Lib\\site-packages\\comtypes\\gen\\__init__.py'>
2025-11-20 21:49:11,141 - comtypes.client._code_cache - INFO - Using writeable comtypes cache directory: 'C:\Users\itojl\PycharmProjects\voice_assistant\.venv\Lib\site-packages\comtypes\gen'
2025-11-20 21:49:11,260 - VoiceAssistant - INFO - TTS система инициализирована
2025-11-20 21:49:12,407 - VoiceAssistant - INFO - STT система инициализирована
2025-11-20 21:49:12,407 - VoiceAssistant - INFO - Загружено 10 навыков
2025-11-20 21:49:12,407 - VoiceAssistant - INFO - Голосовой ассистент инициализирован
2025-11-20 21:49:12,407 - VoiceAssistant - INFO - Запуск ассистента
2025-11-20 21:49:12,408 - VoiceAssistant - INFO - Озвучка: Голосовой ассистент запущен! Скажите 'помощь' для списка команд.
2025-11-20 21:49:36,960 - VoiceAssistant - INFO - Распознано: Привет
2025-11-20 21:49:36,962 - VoiceAssistant - INFO - Озвучка: Привет, ваня! Рад тебя слышать!
2025-11-20 21:49:44,173 - VoiceAssistant - INFO - Распознано: выход
2025-11-20 21:49:44,173 - VoiceAssistant - INFO - Завершение работы ассистента
2025-11-20 21:49:44,173 - VoiceAssistant - INFO - Озвучка: До свидания! Буду рад помочь снова!
2025-11-20 21:50:13,246 - comtypes.client._code_cache - INFO - Imported existing <module 'comtypes.gen' from 'C:\\Users\\itojl\\PycharmProjects\\voice_assistant\\.venv\\Lib\\site-packages\\comtypes\\gen\\__init__.py'>
2025-11-20 21:50:13,246 - comtypes.client._code_cache - INFO - Using writeable comtypes cache directory: 'C:\Users\itojl\PycharmProjects\voice_assistant\.venv\Lib\site-packages\comtypes\gen'
2025-11-20 21:50:13,333 - VoiceAssistant - INFO - TTS система инициализирована
2025-11-20 21:50:14,483 - VoiceAssistant - INFO - STT система инициализирована
2025-11-20 21:50:14,484 - VoiceAssistant - INFO - Загружено 10 навыков
2025-11-20 21:50:14,484 - VoiceAssistant - INFO - Голосовой ассистент инициализирован
2025-11-20 21:50:14,484 - VoiceAssistant - INFO - Запуск ассистента
2025-11-20 21:50:14,484 - VoiceAssistant - INFO - Озвучка: Голосовой ассистент запущен! Скажите 'помощь' для списка команд.
2025-11-20 21:50:25,947 - VoiceAssistant - INFO - Распознано: Привет
2025-11-20 21:50:25,947 - VoiceAssistant - INFO - Озвучка: Привет, ваня! Рад тебя слышать!
2025-11-20 21:50:35,913 - VoiceAssistant - INFO - Распознано: Как меня зовут
2025-11-20 21:50:35,915 - VoiceAssistant - INFO - Озвучка: Приятно познакомиться, ! Запомнил ваше имя.
2025-11-20 21:50:46,857 - VoiceAssistant - INFO - Распознано: Меня зовут Ваня
2025-11-20 21:50:46,859 - VoiceAssistant - INFO - Озвучка: Приятно познакомиться, ваня! Запомнил ваше имя.
2025-11-20 21:50:57,882 - VoiceAssistant - INFO - Распознано: пока
2025-11-20 21:50:57,882 - VoiceAssistant - INFO - Завершение работы ассистента
2025-11-20 21:50:57,882 - VoiceAssistant - INFO - Озвучка: До свидания! Буду рад помочь снова!
2025-11-20 21:51:12,442 - comtypes.client._code_cache - INFO - Imported existing <module 'comtypes.gen' from 'C:\\Users\\itojl\\PycharmProjects\\voice_assistant\\.venv\\Lib\\site-packages\\comtypes\\gen\\__init__.py'>
2025-11-20 21:51:12,442 - comtypes.client._code_cache - INFO - Using writeable comtypes cache directory: 'C:\Users\itojl\PycharmProjects\voice_assistant\.venv\Lib\site-packages\comtypes\gen'
2025-11-20 21:51:12,523 - VoiceAssistant - INFO - TTS система инициализирована
2025-11-20 21:51:13,672 - VoiceAssistant - INFO - STT система инициализирована
2025-11-20 21:51:13,672 - VoiceAssistant - INFO - Загружено 10 навыков
2025-11-20 21:51:13,672 - VoiceAssistant - INFO - Голосовой ассистент инициализирован
2025-11-20 21:51:13,672 - VoiceAssistant - INFO - Запуск ассистента
2025-11-20 21:51:13,672 - VoiceAssistant - INFO - Озвучка: Голосовой ассистент запущен! Скажите 'помощь' для списка команд.
2025-11-20 21:51:24,355 - VoiceAssistant - INFO - Распознано: Привет
2025-11-20 21:51:24,356 - VoiceAssistant - INFO - Озвучка: Привет, ваня! Рад тебя слышать!
2025-11-20 21:51:32,458 - VoiceAssistant - WARNING - Речь не распознана
2025-11-20 21:51:33,615 - VoiceAssistant - INFO - Завершение работы ассистента
2025-11-20 21:51:33,615 - VoiceAssistant - INFO - Озвучка: До свидания! Буду рад помочь снова!
2025-11-20 21:51:39,422 - comtypes.client._code_cache - INFO - Imported existing <module 'comtypes.gen' from 'C:\\Users\\itojl\\PycharmProjects\\voice_assistant\\.venv\\Lib\\site-packages\\comtypes\\gen\\__init__.py'>
2025-11-20 21:51:39,422 - comtypes.client._code_cache - INFO - Using writeable comtypes cache directory: 'C:\Users\itojl\PycharmProjects\voice_assistant\.venv\Lib\site-packages\comtypes\gen'
2025-11-20 21:51:39,507 - VoiceAssistant - INFO - TTS система инициализирована
2025-11-20 21:51:40,647 - VoiceAssistant - INFO - STT система инициализирована
2025-11-20 21:51:40,648 - VoiceAssistant - INFO - Загружено 10 навыков
2025-11-20 21:51:40,648 - VoiceAssistant - INFO - Голосовой ассистент инициализирован
2025-11-20 21:51:40,648 - VoiceAssistant - INFO - Запуск ассистента
2025-11-20 21:51:40,648 - VoiceAssistant - INFO - Озвучка: Голосовой ассистент запущен! Скажите 'помощь' для списка команд.
2025-11-20 21:51:52,479 - VoiceAssistant - INFO - Распознано: Привет
2025-11-20 21:51:52,479 - VoiceAssistant - INFO - Озвучка: Привет, ваня! Рад тебя слышать!
2025-11-20 21:51:56,516 - VoiceAssistant - INFO - Завершение работы ассистента
2025-11-20 21:51:56,517 - VoiceAssistant - INFO - Озвучка: До свидания! Буду рад помочь снова!
2025-11-20 21:52:04,064 - comtypes.client._code_cache - INFO - Imported existing <module 'comtypes.gen' from 'C:\\Users\\itojl\\PycharmProjects\\voice_assistant\\.venv\\Lib\\site-packages\\comtypes\\gen\\__init__.py'>
2025-11-20 21:52:04,064 - comtypes.client._code_cache - INFO - Using writeable comtypes cache directory: 'C:\Users\itojl\PycharmProjects\voice_assistant\.venv\Lib\site-packages\comtypes\gen'
2025-11-20 21:52:04,145 - VoiceAssistant - INFO - TTS система инициализирована
2025-11-20 21:52:05,289 - VoiceAssistant - INFO - STT система инициализирована
2025-11-20 21:52:05,289 - VoiceAssistant - INFO - Загружено 10 навыков
2025-11-20 21:52:05,289 - VoiceAssistant - INFO - Голосовой ассистент инициализирован
2025-11-20 21:52:05,289 - VoiceAssistant - INFO - Запуск ассистента
2025-11-20 21:52:05,289 - VoiceAssistant - INFO - Озвучка: Голосовой ассистент запущен! Скажите 'помощь' для списка команд.
2025-11-20 21:52:14,947 - VoiceAssistant - WARNING - Речь не распознана
2025-11-20 21:52:15,317 - VoiceAssistant - INFO - Завершение работы ассистента
2025-11-20 21:52:15,317 - VoiceAssistant - INFO - Озвучка: До свидания! Буду рад помочь снова!
2025-11-20 21:52:21,051 - comtypes.client._code_cache - INFO - Imported existing <module 'comtypes.gen' from 'C:\\Users\\itojl\\PycharmProjects\\voice_assistant\\.venv\\Lib\\site-packages\\comtypes\\gen\\__init__.py'>
2025-11-20 21:52:21,051 - comtypes.client._code_cache - INFO - Using writeable comtypes cache directory: 'C:\Users\itojl\PycharmProjects\voice_assistant\.venv\Lib\site-packages\comtypes\gen'
2025-11-20 21:52:21,133 - VoiceAssistant - INFO - TTS система инициализирована
2025-11-20 21:52:22,268 - VoiceAssistant - INFO - STT система инициализирована
2025-11-20 21:52:22,268 - VoiceAssistant - INFO - Загружено 10 навыков
2025-11-20 21:52:22,268 - VoiceAssistant - INFO - Голосовой ассистент инициализирован
2025-11-20 21:52:22,269 - VoiceAssistant - INFO - Запуск ассистента
2025-11-20 21:52:22,269 - VoiceAssistant - INFO - Озвучка: Голосовой ассистент запущен! Скажите 'помощь' для списка команд.
2025-11-20 21:52:33,950 - VoiceAssistant - INFO - Завершение работы ассистента
2025-11-20 21:52:33,950 - VoiceAssistant - INFO - Озвучка: До свидания! Буду рад помочь снова!
2025-11-20 21:53:11,563 - comtypes.client._code_cache - INFO - Imported existing <module 'comtypes.gen' from 'C:\\Users\\itojl\\PycharmProjects\\voice_assistant\\.venv\\Lib\\site-packages\\comtypes\\gen\\__init__.py'>
2025-11-20 21:53:11,563 - comtypes.client._code_cache - INFO - Using writeable comtypes cache directory: 'C:\Users\itojl\PycharmProjects\voice_assistant\.venv\Lib\site-packages\comtypes\gen'
2025-11-20 21:53:11,646 - VoiceAssistant - INFO - TTS система инициализирована
2025-11-20 21:53:12,787 - VoiceAssistant - INFO - STT система инициализирована
2025-11-20 21:53:12,788 - VoiceAssistant - INFO - Загружено 10 навыков
2025-11-20 21:53:12,788 - VoiceAssistant - INFO - Голосовой ассистент инициализирован
2025-11-20 21:53:12,788 - VoiceAssistant - INFO - Запуск ассистента
2025-11-20 21:53:12,789 - VoiceAssistant - INFO - Озвучка: Голосовой ассистент запущен! Скажите 'помощь' для списка команд.
2025-11-20 21:53:19,874 - VoiceAssistant - INFO - Завершение работы ассистента
2025-11-20 21:53:19,874 - VoiceAssistant - INFO - Озвучка: До свидания! Буду рад помочь снова!
2025-11-20 21:53:26,597 - comtypes.client._code_cache - INFO - Imported existing <module 'comtypes.gen' from 'C:\\Users\\itojl\\PycharmProjects\\voice_assistant\\.venv\\Lib\\site-packages\\comtypes\\gen\\__init__.py'>
2025-11-20 21:53:26,597 - comtypes.client._code_cache - INFO - Using writeable comtypes cache directory: 'C:\Users\itojl\PycharmProjects\voice_assistant\.venv\Lib\site-packages\comtypes\gen'
2025-11-20 21:53:26,680 - VoiceAssistant - INFO - TTS система инициализирована
2025-11-20 21:53:27,820 - VoiceAssistant - INFO - STT система инициализирована
2025-11-20 21:53:27,821 - VoiceAssistant - INFO - Загружено 10 навыков
2025-11-20 21:53:27,821 - VoiceAssistant - INFO - Голосовой ассистент инициализирован
2025-11-20 21:53:27,821 - VoiceAssistant - INFO - Запуск ассистента
2025-11-20 21:53:27,821 - VoiceAssistant - INFO - Озвучка: Голосовой ассистент запущен! Скажите 'помощь' для списка команд.
2025-11-20 21:53:37,766 - VoiceAssistant - INFO - Распознано: Привет
2025-11-20 21:53:37,767 - VoiceAssistant - INFO - Озвучка: Привет, ваня! Рад тебя слышать!
2025-11-20 21:53:44,188 - VoiceAssistant - INFO - Распознано: пока
2025-11-20 21:53:44,188 - VoiceAssistant - INFO - Завершение работы ассистента
2025-11-20 21:53:44,189 - VoiceAssistant - INFO - Озвучка: До свидания! Буду рад помочь снова!
2025-11-20 21:54:18,182 - comtypes.client._code_cache - INFO - Imported existing <module 'comtypes.gen' from 'C:\\Users\\itojl\\PycharmProjects\\voice_assistant\\.venv\\Lib\\site-packages\\comtypes\\gen\\__init__.py'>
2025-11-20 21:54:18,183 - comtypes.client._code_cache - INFO - Using writeable comtypes cache directory: 'C:\Users\itojl\PycharmProjects\voice_assistant\.venv\Lib\site-packages\comtypes\gen'
2025-11-20 21:54:18,264 - VoiceAssistant - INFO - TTS система инициализирована
2025-11-20 21:54:19,409 - VoiceAssistant - INFO - STT система инициализирована
2025-11-20 21:54:19,409 - VoiceAssistant - INFO - Загружено 10 навыков
2025-11-20 21:54:19,410 - VoiceAssistant - INFO - Голосовой ассистент инициализирован
2025-11-20 21:54:19,410 - VoiceAssistant - INFO - Запуск ассистента
2025-11-20 21:54:19,410 - VoiceAssistant - INFO - Озвучка: Голосовой ассистент запущен! Скажите 'помощь' для списка команд.
2025-11-20 21:54:28,618 - VoiceAssistant - INFO - Завершение работы ассистента
2025-11-20 21:54:28,619 - VoiceAssistant - INFO - Озвучка: До свидания! Буду рад помочь снова!
2025-11-20 21:54:39,166 - comtypes.client._code_cache - INFO - Imported existing <module 'comtypes.gen' from 'C:\\Users\\itojl\\PycharmProjects\\voice_assistant\\.venv\\Lib\\site-packages\\comtypes\\gen\\__init__.py'>
2025-11-20 21:54:39,166 - comtypes.client._code_cache - INFO - Using writeable comtypes cache directory: 'C:\Users\itojl\PycharmProjects\voice_assistant\.venv\Lib\site-packages\comtypes\gen'
2025-11-20 21:54:39,247 - VoiceAssistant - INFO - TTS система инициализирована
2025-11-20 21:54:40,393 - VoiceAssistant - INFO - STT система инициализирована
2025-11-20 21:54:40,394 - VoiceAssistant - INFO - Загружено 10 навыков
2025-11-20 21:54:40,394 - VoiceAssistant - INFO - Голосовой ассистент инициализирован
2025-11-20 21:54:40,395 - VoiceAssistant - INFO - Запуск ассистента
2025-11-20 21:54:40,395 - VoiceAssistant - INFO - Озвучка: Голосовой ассистент запущен! Скажите 'помощь' для списка команд.
2025-11-20 21:54:46,909 - VoiceAssistant - INFO - Работа ассистента завершена пользователем
2025-11-20 21:54:56,337 - comtypes.client._code_cache - INFO - Imported existing <module 'comtypes.gen' from 'C:\\Users\\itojl\\PycharmProjects\\voice_assistant\\.venv\\Lib\\site-packages\\comtypes\\gen\\__init__.py'>
2025-11-20 21:54:56,337 - comtypes.client._code_cache - INFO - Using writeable comtypes cache directory: 'C:\Users\itojl\PycharmProjects\voice_assistant\.venv\Lib\site-packages\comtypes\gen'
2025-11-20 21:54:56,420 - VoiceAssistant - INFO - TTS система инициализирована
2025-11-20 21:54:57,563 - VoiceAssistant - INFO - STT система инициализирована
2025-11-20 21:54:57,563 - VoiceAssistant - INFO - Загружено 10 навыков
2025-11-20 21:54:57,563 - VoiceAssistant - INFO - Голосовой ассистент инициализирован
2025-11-20 21:54:57,563 - VoiceAssistant - INFO - Запуск ассистента
2025-11-20 21:54:57,564 - VoiceAssistant - INFO - Озвучка: Голосовой ассистент запущен! Скажите 'помощь' для списка команд.
2025-11-20 21:55:04,231 - VoiceAssistant - INFO - Завершение работы ассистента
2025-11-20 21:55:04,231 - VoiceAssistant - INFO - Озвучка: До свидания! Буду рад помочь снова!
2025-11-20 21:55:11,506 - comtypes.client._code_cache - INFO - Imported existing <module 'comtypes.gen' from 'C:\\Users\\itojl\\PycharmProjects\\voice_assistant\\.venv\\Lib\\site-packages\\comtypes\\gen\\__init__.py'>
2025-11-20 21:55:11,506 - comtypes.client._code_cache - INFO - Using writeable comtypes cache directory: 'C:\Users\itojl\PycharmProjects\voice_assistant\.venv\Lib\site-packages\comtypes\gen'
2025-11-20 21:55:11,590 - VoiceAssistant - INFO - TTS система инициализирована
2025-11-20 21:55:12,734 - VoiceAssistant - INFO - STT система инициализирована
2025-11-20 21:55:12,735 - VoiceAssistant - INFO - Загружено 10 навыков
2025-11-20 21:55:12,735 - VoiceAssistant - INFO - Голосовой ассистент инициализирован
2025-11-20 21:55:12,735 - VoiceAssistant - INFO - Запуск ассистента
2025-11-20 21:55:12,735 - VoiceAssistant - INFO - Озвучка: Голосовой ассистент запущен! Скажите 'помощь' для списка команд.
2025-11-20 21:55:20,784 - VoiceAssistant - INFO - Завершение работы ассистента
2025-11-20 21:55:20,784 - VoiceAssistant - INFO - Озвучка: До свидания! Буду рад помочь снова!
2025-11-20 21:55:26,242 - comtypes.client._code_cache - INFO - Imported existing <module 'comtypes.gen' from 'C:\\Users\\itojl\\PycharmProjects\\voice_assistant\\.venv\\Lib\\site-packages\\comtypes\\gen\\__init__.py'>
2025-11-20 21:55:26,242 - comtypes.client._code_cache - INFO - Using writeable comtypes cache directory: 'C:\Users\itojl\PycharmProjects\voice_assistant\.venv\Lib\site-packages\comtypes\gen'
2025-11-20 21:55:26,322 - VoiceAssistant - INFO - TTS система инициализирована
2025-11-20 21:55:27,469 - VoiceAssistant - INFO - STT система инициализирована
2025-11-20 21:55:27,469 - VoiceAssistant - INFO - Загружено 10 навыков
2025-11-20 21:55:27,469 - VoiceAssistant - INFO - Голосовой ассистент инициализирован
2025-11-20 21:55:27,469 - VoiceAssistant - INFO - Запуск ассистента
2025-11-20 21:55:27,470 - VoiceAssistant - INFO - Озвучка: Голосовой ассистент запущен! Скажите 'помощь' для списка команд.
2025-11-20 21:55:37,413 - VoiceAssistant - WARNING - Речь не распознана
2025-11-20 21:55:41,852 - VoiceAssistant - INFO - Распознано: Привет
2025-11-20 21:55:41,852 - VoiceAssistant - INFO - Озвучка: Привет, ваня! Рад тебя слышать!
2025-11-20 21:55:51,832 - VoiceAssistant - INFO - Распознано: пойдёт
2025-11-20 21:55:51,836 - VoiceAssistant - INFO - Озвучка: Извините, я не понял команду. Скажите 'помощь' для списка команд.
2025-11-20 21:56:04,578 - VoiceAssistant - INFO - Распознано: помощь
2025-11-20 21:56:12,595 - VoiceAssistant - INFO - Распознано: начать игру
2025-11-20 21:56:12,596 - VoiceAssistant - INFO - Озвучка: Начинаем игру в Крестики-нолики! Вы играете крестиками, я - ноликами. Скажите номер клетки от 1 до 9 для вашего хода.
2025-11-20 21:56:27,257 - VoiceAssistant - INFO - Распознано: номер один
2025-11-20 21:56:27,258 - VoiceAssistant - INFO - Озвучка: Я ставлю нолик в клетку 5. Текущая доска: 
X | 2 | 3
4 | O | 6
7 | 8 | 9

2025-11-20 21:56:41,008 - VoiceAssistant - INFO - Распознано: номер девять
2025-11-20 21:56:41,009 - VoiceAssistant - INFO - Озвучка: Я ставлю нолик в клетку 3. Текущая доска: 
X | 2 | O
4 | O | 6
7 | 8 | X

2025-11-20 21:56:54,874 - VoiceAssistant - INFO - Распознано: номер семь
2025-11-20 21:56:54,874 - VoiceAssistant - INFO - Озвучка: Я ставлю нолик в клетку 4. Текущая доска: 
X | 2 | O
O | O | 6
X | 8 | X

2025-11-20 21:57:08,574 - VoiceAssistant - INFO - Распознано: номер восемь
2025-11-20 21:57:08,575 - VoiceAssistant - INFO - Озвучка: Поздравляю! Вы выиграли! 🎉
2025-11-20 21:57:18,634 - VoiceAssistant - INFO - Распознано: выход
2025-11-20 21:57:18,635 - VoiceAssistant - INFO - Завершение работы ассистента
2025-11-20 21:57:18,635 - VoiceAssistant - INFO - Озвучка: До свидания! Буду рад помочь снова!
2025-11-20 22:00:11,958 - comtypes.client._code_cache - INFO - Imported existing <module 'comtypes.gen' from 'C:\\Users\\itojl\\PycharmProjects\\voice_assistant\\.venv\\Lib\\site-packages\\comtypes\\gen\\__init__.py'>
2025-11-20 22:00:11,958 - comtypes.client._code_cache - INFO - Using writeable comtypes cache directory: 'C:\Users\itojl\PycharmProjects\voice_assistant\.venv\Lib\site-packages\comtypes\gen'
2025-11-20 22:00:12,040 - VoiceAssistant - INFO - TTS система инициализирована
2025-11-20 22:00:13,191 - VoiceAssistant - INFO - STT система инициализирована
2025-11-20 22:00:13,191 - VoiceAssistant - INFO - Загружено 10 навыков
2025-11-20 22:00:13,191 - VoiceAssistant - INFO - Голосовой ассистент инициализирован
2025-11-20 22:00:13,192 - VoiceAssistant - INFO - Запуск ассистента
2025-11-20 22:00:13,192 - VoiceAssistant - INFO - Озвучка: Голосовой ассистент запущен! Скажите 'помощь' для списка команд.
2025-11-20 22:00:34,603 - VoiceAssistant - INFO - Распознано: Привет
2025-11-20 22:00:34,603 - VoiceAssistant - INFO - Озвучка: Привет, ваня! Рад тебя слышать!
2025-11-20 22:00:49,703 - VoiceAssistant - INFO - Распознано: Привет
2025-11-20 22:00:49,704 - VoiceAssistant - INFO - Озвучка: Привет, ваня! Рад тебя слышать!
2025-11-20 22:00:59,923 - VoiceAssistant - INFO - Распознано: погода
2025-11-20 22:00:59,924 - VoiceAssistant - INFO - Навык найден: Погода
2025-11-20 22:00:59,924 - VoiceAssistant - INFO - Запрос погоды для Ivanovo: 56.9942, 40.9858
2025-11-20 22:01:00,068 - VoiceAssistant - INFO - Данные погоды получены: пасмурно
2025-11-20 22:01:00,069 - VoiceAssistant - INFO - Озвучка: ☁️ Погода в Ivanovo: пасмурно. Температура -1°C, ощущается как -4°C. Влажность 89%. Ветер 2.07 м/с. Холодно! Наденьте куртку.
2025-11-20 22:01:20,369 - VoiceAssistant - INFO - Распознано: Привет
2025-11-20 22:01:20,369 - VoiceAssistant - INFO - Озвучка: Привет, ваня! Рад тебя слышать!
2025-11-20 22:01:35,499 - VoiceAssistant - INFO - Распознано: делаем восемь
2025-11-20 22:01:35,499 - VoiceAssistant - INFO - Озвучка: Извините, я не понял команду. Скажите 'помощь' для списка команд.
2025-11-20 22:01:59,959 - VoiceAssistant - INFO - Завершение работы ассистента
2025-11-20 22:01:59,960 - VoiceAssistant - INFO - Озвучка: До свидания! Буду рад помочь снова!
2025-11-20 22:02:04,916 - comtypes.client._code_cache - INFO - Imported existing <module 'comtypes.gen' from 'C:\\Users\\itojl\\PycharmProjects\\voice_assistant\\.venv\\Lib\\site-packages\\comtypes\\gen\\__init__.py'>
2025-11-20 22:02:04,917 - comtypes.client._code_cache - INFO - Using writeable comtypes cache directory: 'C:\Users\itojl\PycharmProjects\voice_assistant\.venv\Lib\site-packages\comtypes\gen'
2025-11-20 22:02:04,999 - VoiceAssistant - INFO - TTS система инициализирована
2025-11-20 22:02:06,143 - VoiceAssistant - INFO - STT система инициализирована
2025-11-20 22:02:06,144 - VoiceAssistant - INFO - Загружено 10 навыков
2025-11-20 22:02:06,144 - VoiceAssistant - INFO - Голосовой ассистент инициализирован
2025-11-20 22:02:06,144 - VoiceAssistant - INFO - Запуск ассистента
2025-11-20 22:02:06,145 - VoiceAssistant - INFO - Озвучка: Голосовой ассистент запущен! Скажите 'помощь' для списка команд.
2025-11-20 22:02:16,868 - VoiceAssistant - INFO - Распознано: Привет
2025-11-20 22:02:16,869 - VoiceAssistant - INFO - Озвучка: Привет, ваня! Рад тебя слышать!
2025-11-20 22:02:27,372 - VoiceAssistant - INFO - Распознано: погода
2025-11-20 22:02:27,373 - VoiceAssistant - INFO - Навык найден: Погода
2025-11-20 22:02:27,373 - VoiceAssistant - INFO - Запрос погоды для Ivanovo: 56.9942, 40.9858
2025-11-20 22:02:27,484 - VoiceAssistant - INFO - Данные погоды получены: пасмурно
2025-11-20 22:02:27,485 - VoiceAssistant - INFO - Озвучка: ☁️ Погода в Ivanovo: пасмурно. Температура -1°C, ощущается как -4°C. Влажность 89%. Ветер 2.07 м/с. Холодно! Наденьте куртку.
2025-11-20 22:02:49,643 - VoiceAssistant - INFO - Распознано: погода
2025-11-20 22:02:49,644 - VoiceAssistant - INFO - Навык найден: Погода
2025-11-20 22:02:49,644 - VoiceAssistant - INFO - Запрос погоды для Ivanovo: 56.9942, 40.9858
2025-11-20 22:02:49,787 - VoiceAssistant - INFO - Данные погоды получены: пасмурно
2025-11-20 22:02:49,787 - VoiceAssistant - INFO - Озвучка: ☁️ Погода в Ivanovo: пасмурно. Температура -1°C, ощущается как -4°C. Влажность 89%. Ветер 2.07 м/с. Холодно! Наденьте куртку.
2025-11-20 22:02:56,853 - VoiceAssistant - INFO - Распознано: Привет
2025-11-20 22:02:56,854 - VoiceAssistant - INFO - Озвучка: Привет, ваня! Рад тебя слышать!
2025-11-20 22:03:06,758 - VoiceAssistant - INFO - Распознано: пока
2025-11-20 22:03:06,758 - VoiceAssistant - INFO - Завершение работы ассистента
2025-11-20 22:03:06,758 - VoiceAssistant - INFO - Озвучка: До свидания! Буду рад помочь снова!
